<?xml version="1.0" encoding="UTF-8"?>
<!-- Generated by org.testng.reporters.JUnitReportReporter -->
<testsuite hostname="DESKTOP-TH9ENOO" failures="0" tests="1" name="com.automation.testcases.TestCaseWithoutFW" time="30.431" errors="0" timestamp="2023-06-13T19:40:53 IST" skipped="0">
  <testcase classname="com.automation.testcases.TestCaseWithoutFW" name="test1" time="30.431"/>
  <system-out/>
</testsuite> <!-- com.automation.testcases.TestCaseWithoutFW -->
